<?xml version="1.0" encoding="UTF-8"?>
<testng-results total="2" passed="2" failed="0" skipped="0">
  <reporter-output>
  </reporter-output>
  <suite started-at="2022-02-06T16:27:49Z" name="Suite" finished-at="2022-02-06T16:29:07Z" duration-ms="77859">
    <groups>
    </groups>
    <test started-at="2022-02-06T16:27:49Z" name="Test" finished-at="2022-02-06T16:29:07Z" duration-ms="77859">
      <class name="com.konakart.testcases.Purchase_Game">
        <test-method signature="test()[pri:0, instance:com.konakart.testcases.Purchase_Game@3feb2dda]" started-at="2022-02-06T21:58:02Z" name="test" finished-at="2022-02-06T21:59:05Z" duration-ms="62868" status="PASS">
          <reporter-output>
          </reporter-output>
        </test-method> <!-- test -->
      </class> <!-- com.konakart.testcases.Purchase_Game -->
      <class name="com.konakart.testcases.TestOne">
        <test-method is-config="true" signature="beforeSuite()[pri:0, instance:com.konakart.testcases.TestOne@6e2829c7]" started-at="2022-02-06T21:57:49Z" name="beforeSuite" finished-at="2022-02-06T21:57:49Z" duration-ms="9" status="PASS">
          <reporter-output>
          </reporter-output>
        </test-method> <!-- beforeSuite -->
        <test-method is-config="true" signature="beforeTest()[pri:0, instance:com.konakart.testcases.TestOne@6e2829c7]" started-at="2022-02-06T21:57:49Z" name="beforeTest" finished-at="2022-02-06T21:57:49Z" duration-ms="0" status="PASS">
          <reporter-output>
          </reporter-output>
        </test-method> <!-- beforeTest -->
        <test-method is-config="true" signature="setup()[pri:0, instance:com.konakart.testcases.TestOne@6e2829c7]" started-at="2022-02-06T21:57:49Z" name="setup" finished-at="2022-02-06T21:57:54Z" depends-on-methods="com.konakart.testcases.SeleniumAbstractTest.beforeTest" duration-ms="4939" status="PASS">
          <reporter-output>
          </reporter-output>
        </test-method> <!-- setup -->
        <test-method is-config="true" signature="steup()[pri:0, instance:com.konakart.testcases.Purchase_Game@3feb2dda]" started-at="2022-02-06T21:57:54Z" name="steup" finished-at="2022-02-06T21:58:02Z" duration-ms="8326" status="PASS">
          <reporter-output>
          </reporter-output>
        </test-method> <!-- steup -->
        <test-method is-config="true" signature="beforeClass()[pri:0, instance:com.konakart.testcases.TestOne@6e2829c7]" started-at="2022-02-06T21:58:02Z" name="beforeClass" finished-at="2022-02-06T21:58:02Z" duration-ms="1" status="PASS">
          <reporter-output>
          </reporter-output>
        </test-method> <!-- beforeClass -->
        <test-method signature="performAction()[pri:0, instance:com.konakart.testcases.TestOne@6e2829c7]" started-at="2022-02-06T21:58:02Z" name="performAction" finished-at="2022-02-06T21:58:22Z" duration-ms="19772" status="PASS">
          <reporter-output>
          </reporter-output>
        </test-method> <!-- performAction -->
        <test-method is-config="true" signature="beforeMethod()[pri:0, instance:com.konakart.testcases.TestOne@6e2829c7]" started-at="2022-02-06T21:58:02Z" name="beforeMethod" finished-at="2022-02-06T21:58:02Z" duration-ms="0" status="PASS">
          <reporter-output>
          </reporter-output>
        </test-method> <!-- beforeMethod -->
        <test-method is-config="true" signature="afterMethod()[pri:0, instance:com.konakart.testcases.TestOne@6e2829c7]" started-at="2022-02-06T21:58:22Z" name="afterMethod" finished-at="2022-02-06T21:58:22Z" duration-ms="0" status="PASS">
          <reporter-output>
          </reporter-output>
        </test-method> <!-- afterMethod -->
        <test-method is-config="true" signature="afterClass()[pri:0, instance:com.konakart.testcases.TestOne@6e2829c7]" started-at="2022-02-06T21:58:22Z" name="afterClass" finished-at="2022-02-06T21:58:22Z" duration-ms="0" status="PASS">
          <reporter-output>
          </reporter-output>
        </test-method> <!-- afterClass -->
        <test-method is-config="true" signature="closig()[pri:0, instance:com.konakart.testcases.TestOne@6e2829c7]" started-at="2022-02-06T21:59:05Z" name="closig" finished-at="2022-02-06T21:59:06Z" duration-ms="370" status="PASS">
          <reporter-output>
          </reporter-output>
        </test-method> <!-- closig -->
        <test-method is-config="true" signature="afterTest()[pri:0, instance:com.konakart.testcases.TestOne@6e2829c7]" started-at="2022-02-06T21:59:06Z" name="afterTest" finished-at="2022-02-06T21:59:06Z" depends-on-methods="com.konakart.testcases.TestOne.closig" duration-ms="1" status="PASS">
          <reporter-output>
          </reporter-output>
        </test-method> <!-- afterTest -->
        <test-method is-config="true" signature="afterTest()[pri:0, instance:com.konakart.testcases.Purchase_Game@3feb2dda]" started-at="2022-02-06T21:59:06Z" name="afterTest" finished-at="2022-02-06T21:59:07Z" duration-ms="1327" status="PASS">
          <reporter-output>
          </reporter-output>
        </test-method> <!-- afterTest -->
        <test-method is-config="true" signature="afterSuite()[pri:0, instance:com.konakart.testcases.TestOne@6e2829c7]" started-at="2022-02-06T21:59:07Z" name="afterSuite" finished-at="2022-02-06T21:59:07Z" duration-ms="0" status="PASS">
          <reporter-output>
          </reporter-output>
        </test-method> <!-- afterSuite -->
      </class> <!-- com.konakart.testcases.TestOne -->
    </test> <!-- Test -->
  </suite> <!-- Suite -->
</testng-results>
